0.6286560E+01
0.6330418E+01
0.6319582E+01
0.6347390E+01
0.6360450E+01
0.6367145E+01
0.6393411E+01
0.6331633E+01
0.6117445E+01
0.5941794E+01
0.6101945E+01
0.5995398E+01
0.6002078E+01
0.5610121E+01
0.5505078E+01
0.5294411E+01
0.5262242E+01
0.5235148E+01
0.5199255E+01
0.5146749E+01
0.5078208E+01
0.4946991E+01
0.4669495E+01
0.4855909E+01
0.4903586E+01
0.4731400E+01
0.4775748E+01
0.4740861E+01
0.4707741E+01
0.4367038E+01
0.4095233E+01
0.4212226E+01
0.4135014E+01
0.4110605E+01
0.4069714E+01
0.4062408E+01
0.4080278E+01
0.3962187E+01
0.3837091E+01
0.3911273E+01
0.3867614E+01
0.3816531E+01
0.3772401E+01
0.3222461E+01
0.2769314E+01
0.2851464E+01
0.2831610E+01
0.2832835E+01
0.2839651E+01
0.2845658E+01
0.2857901E+01
0.2821606E+01
0.2728234E+01
0.2596477E+01
0.2544111E+01
0.2099119E+01
0.2229318E+01
0.2083921E+01
0.1864775E+01
0.1916232E+01
0.1897067E+01
0.1974381E+01
0.1896125E+01
0.1890028E+01
0.1857415E+01
0.1861550E+01
0.1827474E+01
0.1787176E+01
0.1587938E+01
0.1636375E+01
0.1542143E+01
0.1613478E+01
0.1860905E+01
0.1770308E+01
0.1735125E+01
0.1708920E+01
0.1685042E+01
0.1638951E+01
0.1080841E+01
0.1023298E+01
0.1038219E+01
0.9960111E+00
0.1073066E+01
0.1094475E+01
0.1049878E+01
0.1018479E+01
0.1055564E+01
0.1027187E+01
0.1039172E+01
0.1028650E+01
0.1006990E+01
0.1009837E+01
0.9947598E+00
0.9839247E+00
0.9838040E+00
0.9791234E+00
0.9710275E+00
0.9779911E+00
0.9680238E+00
0.9099012E+00
0.9166978E+00
0.9445787E+00
0.9794182E+00
0.9839617E+00
0.9859880E+00
0.9856348E+00
0.9954684E+00
0.9921168E+00
0.9910901E+00
0.9698499E+00
0.9547758E+00
0.9590894E+00
0.9690235E+00
0.9770036E+00
0.9702458E+00
0.9440211E+00
0.9602000E+00
0.9723755E+00
0.9724836E+00
0.9735179E+00
0.9827556E+00
0.9808918E+00
0.9817205E+00
0.9795608E+00
0.9857977E+00
0.9867630E+00
0.9844396E+00
0.9828748E+00
